Arguments: 
  C:\Program Files\nodejs\node.exe C:\Users\ASUS\AppData\Roaming\npm\node_modules\yarn\bin\yarn.js add react-icons

PATH: 
  C:\Python311\Scripts\;C:\Python311\;C:\Program Files (x86)\Common Files\Intel\Shared Files\cpp\bin\Intel64;C:\Windows\system32;C:\Windows;C:\Windows\System32\Wbem;C:\Windows\System32\WindowsPowerShell\v1.0\;C:\Windows\System32\OpenSSH\;C:\Program Files (x86)\NVIDIA Corporation\PhysX\Common;C:\Program Files\NVIDIA Corporation\NVIDIA NvDLISR;C:\Program Files\dotnet\;C:\WINDOWS\system32;C:\WINDOWS;C:\WINDOWS\System32\Wbem;C:\WINDOWS\System32\WindowsPowerShell\v1.0\;C:\WINDOWS\System32\OpenSSH\;C:\ProgramData\chocolatey\bin;C:\Program Files\nodejs\;C:\Program Files\Git\cmd;C:\Users\ASUS\AppData\Local\Microsoft\WindowsApps;C:\Users\ASUS\AppData\Local\Programs\Microsoft VS Code\bin;C:\Users\ASUS\AppData\Roaming\npm;C:\Users\ASUS\AppData\Local\GitHubDesktop\bin

Yarn version: 
  1.22.19

Node version: 
  16.6.2

Platform: 
  win32 x64

Trace: 
  Error: EPERM: operation not permitted, unlink 'D:\STUDY MATERIAL\FRONT END PROJECTS\LIMRA\node_modules\@next\swc-win32-x64-msvc\next-swc.win32-x64-msvc.node'

npm manifest: 
  {
    "name": "tt",
    "version": "0.1.0",
    "private": true,
    "scripts": {
      "dev": "next dev",
      "build": "next build",
      "start": "next start",
      "lint": "next lint"
    },
    "dependencies": {
      "@next/font": "13.0.7",
      "bootstrap": "^5.2.3",
      "nanoid": "^4.0.0",
      "next": "13.0.7",
      "react": "18.2.0",
      "react-bootstrap": "^2.7.0",
      "react-dom": "18.2.0",
      "yarn": "^1.22.19"
    }
  }

yarn manifest: 
  No manifest

Lockfile: 
  # THIS IS AN AUTOGENERATED FILE. DO NOT EDIT THIS FILE DIRECTLY.
  # yarn lockfile v1
  
  
  "@babel/runtime@^7.17.2", "@babel/runtime@^7.18.3", "@babel/runtime@^7.5.5", "@babel/runtime@^7.6.3", "@babel/runtime@^7.8.7":
    "integrity" "sha512-Q+8MqP7TiHMWzSfwiJwXCjyf4GYA4Dgw3emg/7xmwsdLJOZUp+nMqcOwOzzYheuM1rhDu8FSj2l0aoMygEuXuA=="
    "resolved" "https://registry.npmjs.org/@babel/runtime/-/runtime-7.20.6.tgz"
    "version" "7.20.6"
    dependencies:
      "regenerator-runtime" "^0.13.11"
  
  "@next/env@13.0.7":
    "integrity" "sha512-ZBclBRB7DbkSswXgbJ+muF5RxfgmAuQKAWL8tcm86aZmoiL1ZainxQK0hMcMYdh+IYG8UObAKV2wKB5O+6P4ng=="
    "resolved" "https://registry.npmjs.org/@next/env/-/env-13.0.7.tgz"
    "version" "13.0.7"
  
  "@next/font@13.0.7":
    "integrity" "sha512-39SzuoMI6jbrIzPs3KtXdKX03OrVp6Y7kRHcoVmOg69spiBzruPJ5x5DQSfN+OXqznbvVBNZBXnmdnSqs3qXiA=="
    "resolved" "https://registry.npmjs.org/@next/font/-/font-13.0.7.tgz"
    "version" "13.0.7"
  
  "@next/swc-win32-x64-msvc@13.0.7":
    "integrity" "sha512-kvdnlLcrnEq72ZP0lqe2Z5NqvB9N5uSCvtXJ0PhKvNncWWd0fEG9Ec9erXgwCmVlM2ytw41k9/uuQ+SVw4Pihw=="
    "resolved" "https://registry.npmjs.org/@next/swc-win32-x64-msvc/-/swc-win32-x64-msvc-13.0.7.tgz"
    "version" "13.0.7"
  
  "@popperjs/core@^2.11.5", "@popperjs/core@^2.11.6":
    "integrity" "sha512-50/17A98tWUfQ176raKiOGXuYpLyyVMkxxG6oylzL3BPOlA6ADGdK7EYunSa4I064xerltq9TGXs8HmOk5E+vw=="
    "resolved" "https://registry.npmjs.org/@popperjs/core/-/core-2.11.6.tgz"
    "version" "2.11.6"
  
  "@react-aria/ssr@^3.2.0":
    "integrity" "sha512-NmhoilMDyIfQiOSdQgxpVH2tC2u85Y0mVijtBNbI9kcDYLEiW/r6vKYVKtkyU+C4qobXhGMPfZ70PTc0lysSVA=="
    "resolved" "https://registry.npmjs.org/@react-aria/ssr/-/ssr-3.4.1.tgz"
    "version" "3.4.1"
    dependencies:
      "@swc/helpers" "^0.4.14"
  
  "@restart/hooks@^0.4.6", "@restart/hooks@^0.4.7":
    "integrity" "sha512-ZbjlEHcG+FQtpDPHd7i4FzNNvJf2enAwZfJbpM8CW7BhmOAbsHpZe3tsHwfQUrBuyrxWqPYp2x5UMnilWcY22A=="
    "resolved" "https://registry.npmjs.org/@restart/hooks/-/hooks-0.4.7.tgz"
    "version" "0.4.7"
    dependencies:
      "dequal" "^2.0.2"
  
  "@restart/ui@^1.4.1":
    "integrity" "sha512-J7wFOx2DcmkBqCqiZgDsggLO7faiNh4Nv1/v80FmbRgP+MYpwaVDKKXLC69DA4+ejgNIsBP5ORtC74EZqO1j8A=="
    "resolved" "https://registry.npmjs.org/@restart/ui/-/ui-1.4.1.tgz"
    "version" "1.4.1"
    dependencies:
      "@babel/runtime" "^7.18.3"
      "@popperjs/core" "^2.11.5"
      "@react-aria/ssr" "^3.2.0"
      "@restart/hooks" "^0.4.7"
      "@types/warning" "^3.0.0"
      "dequal" "^2.0.2"
      "dom-helpers" "^5.2.0"
      "uncontrollable" "^7.2.1"
      "warning" "^4.0.3"
  
  "@swc/helpers@^0.4.14", "@swc/helpers@0.4.14":
    "integrity" "sha512-4C7nX/dvpzB7za4Ql9K81xK3HPxCpHMgwTZVyf+9JQ6VUbn9jjZVN7/Nkdz/Ugzs2CSjqnL/UPXroiVBVHUWUw=="
    "resolved" "https://registry.npmjs.org/@swc/helpers/-/helpers-0.4.14.tgz"
    "version" "0.4.14"
    dependencies:
      "tslib" "^2.4.0"
  
  "@types/prop-types@*":
    "integrity" "sha512-JCB8C6SnDoQf0cNycqd/35A7MjcnK+ZTqE7judS6o7utxUCg6imJg3QK2qzHKszlTjcj2cn+NwMB2i96ubpj7w=="
    "resolved" "https://registry.npmjs.org/@types/prop-types/-/prop-types-15.7.5.tgz"
    "version" "15.7.5"
  
  "@types/react-transition-group@^4.4.4":
    "integrity" "sha512-juKD/eiSM3/xZYzjuzH6ZwpP+/lejltmiS3QEzV/vmb/Q8+HfDmxu+Baga8UEMGBqV88Nbg4l2hY/K2DkyaLLA=="
    "resolved" "https://registry.npmjs.org/@types/react-transition-group/-/react-transition-group-4.4.5.tgz"
    "version" "4.4.5"
    dependencies:
      "@types/react" "*"
  
  "@types/react@*", "@types/react@>=16.14.8", "@types/react@>=16.9.11":
    "integrity" "sha512-hCR3PJQsAIXyxhTNSiDFY//LhnMZWpNNr5etoCqx/iUfGc5gXWtQR2Phl908jVR6uPXacojQWTg4qRpkxTuGug=="
    "resolved" "https://registry.npmjs.org/@types/react/-/react-18.0.26.tgz"
    "version" "18.0.26"
    dependencies:
      "@types/prop-types" "*"
      "@types/scheduler" "*"
      "csstype" "^3.0.2"
  
  "@types/scheduler@*":
    "integrity" "sha512-hppQEBDmlwhFAXKJX2KnWLYu5yMfi91yazPb2l+lbJiwW+wdo1gNeRA+3RgNSO39WYX2euey41KEwnqesU2Jew=="
    "resolved" "https://registry.npmjs.org/@types/scheduler/-/scheduler-0.16.2.tgz"
    "version" "0.16.2"
  
  "@types/warning@^3.0.0":
    "integrity" "sha512-t/Tvs5qR47OLOr+4E9ckN8AmP2Tf16gWq+/qA4iUGS/OOyHVO8wv2vjJuX8SNOUTJyWb+2t7wJm6cXILFnOROA=="
    "resolved" "https://registry.npmjs.org/@types/warning/-/warning-3.0.0.tgz"
    "version" "3.0.0"
  
  "bootstrap@^5.2.3":
    "integrity" "sha512-cEKPM+fwb3cT8NzQZYEu4HilJ3anCrWqh3CHAok1p9jXqMPsPTBhU25fBckEJHJ/p+tTxTFTsFQGM+gaHpi3QQ=="
    "resolved" "https://registry.npmjs.org/bootstrap/-/bootstrap-5.2.3.tgz"
    "version" "5.2.3"
  
  "caniuse-lite@^1.0.30001406":
    "integrity" "sha512-1MgUzEkoMO6gKfXflStpYgZDlFM7M/ck/bgfVCACO5vnAf0fXoNVHdWtqGU+MYca+4bL9Z5bpOVmR33cWW9G2A=="
    "resolved" "https://registry.npmjs.org/caniuse-lite/-/caniuse-lite-1.0.30001439.tgz"
    "version" "1.0.30001439"
  
  "classnames@^2.3.1":
    "integrity" "sha512-CSbhY4cFEJRe6/GQzIk5qXZ4Jeg5pcsP7b5peFSDpffpe1cqjASH/n9UTjBwOp6XpMSTwQ8Za2K5V02ueA7Tmw=="
    "resolved" "https://registry.npmjs.org/classnames/-/classnames-2.3.2.tgz"
    "version" "2.3.2"
  
  "client-only@0.0.1":
    "integrity" "sha512-IV3Ou0jSMzZrd3pZ48nLkT9DA7Ag1pnPzaiQhpW7c3RbcqqzvzzVu+L8gfqMp/8IM2MQtSiqaCxrrcfu8I8rMA=="
    "resolved" "https://registry.npmjs.org/client-only/-/client-only-0.0.1.tgz"
    "version" "0.0.1"
  
  "csstype@^3.0.2":
    "integrity" "sha512-DJR/VvkAvSZW9bTouZue2sSxDwdTN92uHjqeKVm+0dAqdfNykRzQ95tay8aXMBAAPpUiq4Qcug2L7neoRh2Egw=="
    "resolved" "https://registry.npmjs.org/csstype/-/csstype-3.1.1.tgz"
    "version" "3.1.1"
  
  "dequal@^2.0.2":
    "integrity" "sha512-0je+qPKHEMohvfRTCEo3CrPG6cAzAYgmzKyxRiYSSDkS6eGJdyVJm7WaYA5ECaAD9wLB2T4EEeymA5aFVcYXCA=="
    "resolved" "https://registry.npmjs.org/dequal/-/dequal-2.0.3.tgz"
    "version" "2.0.3"
  
  "dom-helpers@^5.0.1", "dom-helpers@^5.2.0", "dom-helpers@^5.2.1":
    "integrity" "sha512-nRCa7CK3VTrM2NmGkIy4cbK7IZlgBE/PYMn55rrXefr5xXDP0LdtfPnblFDoVdcAfslJ7or6iqAUnx0CCGIWQA=="
    "resolved" "https://registry.npmjs.org/dom-helpers/-/dom-helpers-5.2.1.tgz"
    "version" "5.2.1"
    dependencies:
      "@babel/runtime" "^7.8.7"
      "csstype" "^3.0.2"
  
  "invariant@^2.2.4":
    "integrity" "sha512-phJfQVBuaJM5raOpJjSfkiD6BpbCE4Ns//LaXl6wGYtUBY83nWS6Rf9tXm2e8VaK60JEjYldbPif/A2B1C2gNA=="
    "resolved" "https://registry.npmjs.org/invariant/-/invariant-2.2.4.tgz"
    "version" "2.2.4"
    dependencies:
      "loose-envify" "^1.0.0"
  
  "js-tokens@^3.0.0 || ^4.0.0":
    "integrity" "sha512-RdJUflcE3cUzKiMqQgsCu06FPu9UdIJO0beYbPhHN4k6apgJtifcoCtT9bcxOpYBtpD2kCM6Sbzg4CausW/PKQ=="
    "resolved" "https://registry.npmjs.org/js-tokens/-/js-tokens-4.0.0.tgz"
    "version" "4.0.0"
  
  "loose-envify@^1.0.0", "loose-envify@^1.1.0", "loose-envify@^1.4.0":
    "integrity" "sha512-lyuxPGr/Wfhrlem2CL/UcnUc1zcqKAImBDzukY7Y5F/yQiNdko6+fRLevlw1HgMySw7f611UIY408EtxRSoK3Q=="
    "resolved" "https://registry.npmjs.org/loose-envify/-/loose-envify-1.4.0.tgz"
    "version" "1.4.0"
    dependencies:
      "js-tokens" "^3.0.0 || ^4.0.0"
  
  "nanoid@^3.3.4":
    "integrity" "sha512-MqBkQh/OHTS2egovRtLk45wEyNXwF+cokD+1YPf9u5VfJiRdAiRwB2froX5Co9Rh20xs4siNPm8naNotSD6RBw=="
    "resolved" "https://registry.npmjs.org/nanoid/-/nanoid-3.3.4.tgz"
    "version" "3.3.4"
  
  "nanoid@^4.0.0":
    "integrity" "sha512-IgBP8piMxe/gf73RTQx7hmnhwz0aaEXYakvqZyE302IXW3HyVNhdNGC+O2MwMAVhLEnvXlvKtGbtJf6wvHihCg=="
    "resolved" "https://registry.npmjs.org/nanoid/-/nanoid-4.0.0.tgz"
    "version" "4.0.0"
  
  "next@13.0.7":
    "integrity" "sha512-YfTifqX9vfHm+rSU/H/3xvzOHDkYuMuh4wsvTjiqj9h7qHEF7KHB66X4qrH96Po+ohdid4JY8YVGPziDwdXL0A=="
    "resolved" "https://registry.npmjs.org/next/-/next-13.0.7.tgz"
    "version" "13.0.7"
    dependencies:
      "@next/env" "13.0.7"
      "@swc/helpers" "0.4.14"
      "caniuse-lite" "^1.0.30001406"
      "postcss" "8.4.14"
      "styled-jsx" "5.1.0"
    optionalDependencies:
      "@next/swc-android-arm-eabi" "13.0.7"
      "@next/swc-android-arm64" "13.0.7"
      "@next/swc-darwin-arm64" "13.0.7"
      "@next/swc-darwin-x64" "13.0.7"
      "@next/swc-freebsd-x64" "13.0.7"
      "@next/swc-linux-arm-gnueabihf" "13.0.7"
      "@next/swc-linux-arm64-gnu" "13.0.7"
      "@next/swc-linux-arm64-musl" "13.0.7"
      "@next/swc-linux-x64-gnu" "13.0.7"
      "@next/swc-linux-x64-musl" "13.0.7"
      "@next/swc-win32-arm64-msvc" "13.0.7"
      "@next/swc-win32-ia32-msvc" "13.0.7"
      "@next/swc-win32-x64-msvc" "13.0.7"
  
  "object-assign@^4.1.1":
    "integrity" "sha512-rJgTQnkUnH1sFw8yT6VSU3zD3sWmu6sZhIseY8VX+GRu3P6F7Fu+JNDoXfklElbLJSnc3FUQHVe4cU5hj+BcUg=="
    "resolved" "https://registry.npmjs.org/object-assign/-/object-assign-4.1.1.tgz"
    "version" "4.1.1"
  
  "picocolors@^1.0.0":
    "integrity" "sha512-1fygroTLlHu66zi26VoTDv8yRgm0Fccecssto+MhsZ0D/DGW2sm8E8AjW7NU5VVTRt5GxbeZ5qBuJr+HyLYkjQ=="
    "resolved" "https://registry.npmjs.org/picocolors/-/picocolors-1.0.0.tgz"
    "version" "1.0.0"
  
  "postcss@8.4.14":
    "integrity" "sha512-E398TUmfAYFPBSdzgeieK2Y1+1cpdxJx8yXbK/m57nRhKSmk1GB2tO4lbLBtlkfPQTDKfe4Xqv1ASWPpayPEig=="
    "resolved" "https://registry.npmjs.org/postcss/-/postcss-8.4.14.tgz"
    "version" "8.4.14"
    dependencies:
      "nanoid" "^3.3.4"
      "picocolors" "^1.0.0"
      "source-map-js" "^1.0.2"
  
  "prop-types-extra@^1.1.0":
    "integrity" "sha512-59+AHNnHYCdiC+vMwY52WmvP5dM3QLeoumYuEyceQDi9aEhtwN9zIQ2ZNo25sMyXnbh32h+P1ezDsUpUH3JAew=="
    "resolved" "https://registry.npmjs.org/prop-types-extra/-/prop-types-extra-1.1.1.tgz"
    "version" "1.1.1"
    dependencies:
      "react-is" "^16.3.2"
      "warning" "^4.0.0"
  
  "prop-types@^15.6.2", "prop-types@^15.8.1":
    "integrity" "sha512-oj87CgZICdulUohogVAR7AjlC0327U4el4L6eAvOqCeudMDVU0NThNaV+b9Df4dXgSP1gXMTnPdhfe/2qDH5cg=="
    "resolved" "https://registry.npmjs.org/prop-types/-/prop-types-15.8.1.tgz"
    "version" "15.8.1"
    dependencies:
      "loose-envify" "^1.4.0"
      "object-assign" "^4.1.1"
      "react-is" "^16.13.1"
  
  "react-bootstrap@^2.7.0":
    "integrity" "sha512-Jcrn6aUuRVBeSB6dzKODKZU1TONOdhAxu0IDm4Sv74SJUm98dMdhSotF2SNvFEADANoR+stV+7TK6SNX1wWu5w=="
    "resolved" "https://registry.npmjs.org/react-bootstrap/-/react-bootstrap-2.7.0.tgz"
    "version" "2.7.0"
    dependencies:
      "@babel/runtime" "^7.17.2"
      "@restart/hooks" "^0.4.6"
      "@restart/ui" "^1.4.1"
      "@types/react-transition-group" "^4.4.4"
      "classnames" "^2.3.1"
      "dom-helpers" "^5.2.1"
      "invariant" "^2.2.4"
      "prop-types" "^15.8.1"
      "prop-types-extra" "^1.1.0"
      "react-transition-group" "^4.4.2"
      "uncontrollable" "^7.2.1"
      "warning" "^4.0.3"
  
  "react-dom@^18.2.0", "react-dom@>=16.14.0", "react-dom@>=16.6.0", "react-dom@18.2.0":
    "integrity" "sha512-6IMTriUmvsjHUjNtEDudZfuDQUoWXVxKHhlEGSk81n4YFS+r/Kl99wXiwlVXtPBtJenozv2P+hxDsw9eA7Xo6g=="
    "resolved" "https://registry.npmjs.org/react-dom/-/react-dom-18.2.0.tgz"
    "version" "18.2.0"
    dependencies:
      "loose-envify" "^1.1.0"
      "scheduler" "^0.23.0"
  
  "react-is@^16.13.1", "react-is@^16.3.2":
    "integrity" "sha512-24e6ynE2H+OKt4kqsOvNd8kBpV65zoxbA4BVsEOB3ARVWQki/DHzaUoC5KuON/BiccDaCCTZBuOcfZs70kR8bQ=="
    "resolved" "https://registry.npmjs.org/react-is/-/react-is-16.13.1.tgz"
    "version" "16.13.1"
  
  "react-lifecycles-compat@^3.0.4":
    "integrity" "sha512-fBASbA6LnOU9dOU2eW7aQ8xmYBSXUIWr+UmF9b1efZBazGNO+rcXT/icdKnYm2pTwcRylVUYwW7H1PHfLekVzA=="
    "resolved" "https://registry.npmjs.org/react-lifecycles-compat/-/react-lifecycles-compat-3.0.4.tgz"
    "version" "3.0.4"
  
  "react-transition-group@^4.4.2":
    "integrity" "sha512-pZcd1MCJoiKiBR2NRxeCRg13uCXbydPnmB4EOeRrY7480qNWO8IIgQG6zlDkm6uRMsURXPuKq0GWtiM59a5Q6g=="
    "resolved" "https://registry.npmjs.org/react-transition-group/-/react-transition-group-4.4.5.tgz"
    "version" "4.4.5"
    dependencies:
      "@babel/runtime" "^7.5.5"
      "dom-helpers" "^5.0.1"
      "loose-envify" "^1.4.0"
      "prop-types" "^15.6.2"
  
  "react@^16.8.0 || ^17.0.0-rc.1 || ^18.0.0", "react@^18.2.0", "react@>= 16.8.0 || 17.x.x || ^18.0.0-0", "react@>=0.14.0", "react@>=15.0.0", "react@>=16.14.0", "react@>=16.6.0", "react@>=16.8.0", "react@18.2.0":
    "integrity" "sha512-/3IjMdb2L9QbBdWiW5e3P2/npwMBaU9mHCSCUzNln0ZCYbcfTsGbTJrU/kGemdH2IWmB2ioZ+zkxtmq6g09fGQ=="
    "resolved" "https://registry.npmjs.org/react/-/react-18.2.0.tgz"
    "version" "18.2.0"
    dependencies:
      "loose-envify" "^1.1.0"
  
  "regenerator-runtime@^0.13.11":
    "integrity" "sha512-kY1AZVr2Ra+t+piVaJ4gxaFaReZVH40AKNo7UCX6W+dEwBo/2oZJzqfuN1qLq1oL45o56cPaTXELwrTh8Fpggg=="
    "resolved" "https://registry.npmjs.org/regenerator-runtime/-/regenerator-runtime-0.13.11.tgz"
    "version" "0.13.11"
  
  "scheduler@^0.23.0":
    "integrity" "sha512-CtuThmgHNg7zIZWAXi3AsyIzA3n4xx7aNyjwC2VJldO2LMVDhFK+63xGqq6CsJH4rTAt6/M+N4GhZiDYPx9eUw=="
    "resolved" "https://registry.npmjs.org/scheduler/-/scheduler-0.23.0.tgz"
    "version" "0.23.0"
    dependencies:
      "loose-envify" "^1.1.0"
  
  "source-map-js@^1.0.2":
    "integrity" "sha512-R0XvVJ9WusLiqTCEiGCmICCMplcCkIwwR11mOSD9CR5u+IXYdiseeEuXCVAjS54zqwkLcPNnmU4OeJ6tUrWhDw=="
    "resolved" "https://registry.npmjs.org/source-map-js/-/source-map-js-1.0.2.tgz"
    "version" "1.0.2"
  
  "styled-jsx@5.1.0":
    "integrity" "sha512-/iHaRJt9U7T+5tp6TRelLnqBqiaIT0HsO0+vgyj8hK2KUk7aejFqRrumqPUlAqDwAj8IbS/1hk3IhBAAK/FCUQ=="
    "resolved" "https://registry.npmjs.org/styled-jsx/-/styled-jsx-5.1.0.tgz"
    "version" "5.1.0"
    dependencies:
      "client-only" "0.0.1"
  
  "tslib@^2.4.0":
    "integrity" "sha512-tGyy4dAjRIEwI7BzsB0lynWgOpfqjUdq91XXAlIWD2OwKBH7oCl/GZG/HT4BOHrTlPMOASlMQ7veyTqpmRcrNA=="
    "resolved" "https://registry.npmjs.org/tslib/-/tslib-2.4.1.tgz"
    "version" "2.4.1"
  
  "uncontrollable@^7.2.1":
    "integrity" "sha512-svtcfoTADIB0nT9nltgjujTi7BzVmwjZClOmskKu/E8FW9BXzg9os8OLr4f8Dlnk0rYWJIWr4wv9eKUXiQvQwQ=="
    "resolved" "https://registry.npmjs.org/uncontrollable/-/uncontrollable-7.2.1.tgz"
    "version" "7.2.1"
    dependencies:
      "@babel/runtime" "^7.6.3"
      "@types/react" ">=16.9.11"
      "invariant" "^2.2.4"
      "react-lifecycles-compat" "^3.0.4"
  
  "warning@^4.0.0", "warning@^4.0.3":
    "integrity" "sha512-rpJyN222KWIvHJ/F53XSZv0Zl/accqHR8et1kpaMTD/fLCRxtV8iX8czMzY7sVZupTI3zcUTg8eycS2kNF9l6w=="
    "resolved" "https://registry.npmjs.org/warning/-/warning-4.0.3.tgz"
    "version" "4.0.3"
    dependencies:
      "loose-envify" "^1.0.0"
  
  "yarn@^1.22.19":
    "integrity" "sha512-/0V5q0WbslqnwP91tirOvldvYISzaqhClxzyUKXYxs07yUILIs5jx/k6CFe8bvKSkds5w+eiOqta39Wk3WxdcQ=="
    "resolved" "https://registry.npmjs.org/yarn/-/yarn-1.22.19.tgz"
    "version" "1.22.19"
